  JackAdventure.cpp
  Application.cpp
F:\CODE\ProjectIII\JackAdventure\JackAdventure\Sources\Application.cpp(16,15): warning C4244: 'argument': conversion from 'time_t' to 'unsigned int', possible loss of data
  ResourceManager.cpp
  WindowConnector.cpp
  Animation.cpp
  Animation2.cpp
  Boss.cpp
  BossWeapon.cpp
  BSAttack.cpp
  BSJump.cpp
  BSJumpBite.cpp
  Bullet.cpp
  CollisionManager.cpp
  Creep.cpp
  CreepBat.cpp
  CreepManager.cpp
F:\CODE\ProjectIII\JackAdventure\JackAdventure\Sources\GameObjects\CreepManager.cpp(84,67): warning C4244: 'argument': conversion from 'int' to 'T', possible loss of data
          with
          [
              T=float
          ]
F:\CODE\ProjectIII\JackAdventure\JackAdventure\Sources\GameObjects\CreepManager.cpp(85,50): warning C4244: 'argument': conversion from 'int' to 'T', possible loss of data
          with
          [
              T=float
          ]
F:\CODE\ProjectIII\JackAdventure\JackAdventure\Sources\GameObjects\CreepManager.cpp(100,87): warning C4244: 'argument': conversion from 'int' to 'T', possible loss of data
          with
          [
              T=float
          ]
F:\CODE\ProjectIII\JackAdventure\JackAdventure\Sources\GameObjects\CreepManager.cpp(100,74): warning C4244: 'argument': conversion from 'int' to 'T', possible loss of data
          with
          [
              T=float
          ]
  CreepRino.cpp
  GameButton.cpp
  HitBox.cpp
  Layer.cpp
F:\CODE\ProjectIII\JackAdventure\JackAdventure\Sources\GameObjects\Layer.cpp(12,66): warning C4244: 'argument': conversion from 'int' to 'T', possible loss of data
          with
          [
              T=float
          ]
F:\CODE\ProjectIII\JackAdventure\JackAdventure\Sources\GameObjects\Layer.cpp(25,68): warning C4244: 'argument': conversion from 'int' to 'T', possible loss of data
          with
          [
              T=float
          ]
F:\CODE\ProjectIII\JackAdventure\JackAdventure\Sources\GameObjects\Layer.cpp(40,49): warning C4244: 'argument': conversion from 'T' to 'float', possible loss of data
          with
          [
              T=int
          ]
F:\CODE\ProjectIII\JackAdventure\JackAdventure\Sources\GameObjects\Layer.cpp(40,29): warning C4244: 'argument': conversion from 'T' to 'float', possible loss of data
          with
          [
              T=int
          ]
  Generating Code...
  Compiling...
  ParallelBackground.cpp
  Player.cpp
  PSAttack.cpp
  PSDeath.cpp
  PSFall.cpp
  PSJump.cpp
  PSRun.cpp
  ScoreManager.cpp
  GameStateBase.cpp
  GameStateMachine.cpp
  GSAbout.cpp
F:\CODE\ProjectIII\JackAdventure\JackAdventure\Sources\GameStateManager\GSAbout.cpp(39,57): warning C4244: 'argument': conversion from 'T' to 'float', possible loss of data
          with
          [
              T=unsigned int
          ]
  GSEnd.cpp
F:\CODE\ProjectIII\JackAdventure\JackAdventure\Sources\GameStateManager\GSEnd.cpp(58,57): warning C4244: 'argument': conversion from 'T' to 'float', possible loss of data
          with
          [
              T=unsigned int
          ]
  GSHighScore.cpp
F:\CODE\ProjectIII\JackAdventure\JackAdventure\Sources\GameStateManager\GSHighScore.cpp(49,57): warning C4244: 'argument': conversion from 'T' to 'float', possible loss of data
          with
          [
              T=unsigned int
          ]
F:\CODE\ProjectIII\JackAdventure\JackAdventure\Sources\GameStateManager\GSHighScore.cpp(60,51): warning C4244: 'argument': conversion from 'int' to 'float', possible loss of data
  GSIntro.cpp
  GSMenu.cpp
F:\CODE\ProjectIII\JackAdventure\JackAdventure\Sources\GameStateManager\GSMenu.cpp(72,57): warning C4244: 'argument': conversion from 'T' to 'float', possible loss of data
          with
          [
              T=unsigned int
          ]
  GSPlay.cpp
  GSSetting.cpp
F:\CODE\ProjectIII\JackAdventure\JackAdventure\Sources\GameStateManager\GSSetting.cpp(56,57): warning C4244: 'argument': conversion from 'T' to 'float', possible loss of data
          with
          [
              T=unsigned int
          ]
  Generating Code...
  JackAdventure.vcxproj -> F:\CODE\ProjectIII\JackAdventure\Debug\JackAdventure.exe
